<?xml version="1.0" encoding="UTF-8" ?>
<testsuite failures="0" time="0.543" errors="0" skipped="0" tests="53" name="randstad.test.RunCukesTest">
  <properties>
[...]
</properties>
  <testcase time="0.002" classname="Scenario: Search by valid last name" name="Given user is on search page"/>
  <testcase time="0" classname="Scenario: Search by valid last name" name="When user enters &quot;Allen&quot; in search box"/>
  <testcase time="0" classname="Scenario: Search by valid last name" name="And user submits search request"/>
  <testcase time="0" classname="Scenario: Search by valid last name" name="Then the output should be &quot;Allen&quot;"/>
  <testcase time="0.069" classname="Scenario: Search by valid last name" name="Scenario: Search by valid last name"/>
  <testcase time="0" classname="Scenario: Search by valid first name" name="Given user is on search page"/>
  <testcase time="0" classname="Scenario: Search by valid first name" name="When user enters &quot;Addie&quot; in search box"/>
  <testcase time="0" classname="Scenario: Search by valid first name" name="And user submits search request"/>
  <testcase time="0" classname="Scenario: Search by valid first name" name="Then the output should be &quot;Addie&quot;"/>
  <testcase time="0.063" classname="Scenario: Search by valid first name" name="Scenario: Search by valid first name"/>
  <testcase time="0" classname="Scenario: Search by valid email" name="Given user is on search page"/>
  <testcase time="0.001" classname="Scenario: Search by valid email" name="When user enters &quot;Cara.Murphey@whitestratus.com&quot; in search box"/>
  <testcase time="0" classname="Scenario: Search by valid email" name="And user submits search request"/>
  <testcase time="0" classname="Scenario: Search by valid email" name="Then the output should be &quot;Cara.Murphey@whitestratus.com&quot;"/>
  <testcase time="0.058" classname="Scenario: Search by valid email" name="Scenario: Search by valid email"/>
  <testcase time="0" classname="Scenario: Cheking we are searing for people" name="Given user is on search page"/>
  <testcase time="0" classname="Scenario: Cheking we are searing for people" name="And people scope is checked"/>
  <testcase time="0" classname="Scenario: Cheking we are searing for people" name="When user enters &quot;a&quot; in search box"/>
  <testcase time="0" classname="Scenario: Cheking we are searing for people" name="And user submits search request"/>
  <testcase time="0" classname="Scenario: Cheking we are searing for people" name="Then we should see Users first name, last name, and email"/>
  <testcase time="0.058" classname="Scenario: Cheking we are searing for people" name="Scenario: Cheking we are searing for people"/>
  <testcase time="0" classname="Scenario: Sorting users by last name" name="Given user is on search page"/>
  <testcase time="0" classname="Scenario: Sorting users by last name" name="And the following employees exist"/>
  <testcase time="0.001" classname="Scenario: Sorting users by last name" name="When user enters &quot;ab&quot; in search box"/>
  <testcase time="0" classname="Scenario: Sorting users by last name" name="And user submits search request"/>
  <testcase time="0" classname="Scenario: Sorting users by last name" name="And user clicks on last name to sort"/>
  <testcase time="0" classname="Scenario: Sorting users by last name" name="Then the output should be"/>
  <testcase time="0.058" classname="Scenario: Sorting users by last name" name="Scenario: Sorting users by last name"/>
  <testcase time="0" classname="Scenario: Checking arrow direction after Sorting" name="Given user is on search page"/>
  <testcase time="0" classname="Scenario: Checking arrow direction after Sorting" name="When user enters &quot;ab&quot; in search box"/>
  <testcase time="0" classname="Scenario: Checking arrow direction after Sorting" name="And user submits search request"/>
  <testcase time="0.001" classname="Scenario: Checking arrow direction after Sorting" name="And user clicks on last name to sort"/>
  <testcase time="0" classname="Scenario: Checking arrow direction after Sorting" name="Then arrow should be &quot;ngSortButtonDown&quot;"/>
  <testcase time="0" classname="Scenario: Checking arrow direction after Sorting" name="And user clicks on last name to sort"/>
  <testcase time="0" classname="Scenario: Checking arrow direction after Sorting" name="Then arrow should be &quot;ngSortButtonUp&quot;"/>
  <testcase time="0.058" classname="Scenario: Checking arrow direction after Sorting" name="Scenario: Checking arrow direction after Sorting"/>
  <testcase time="0" classname="Scenario: Search by valid last name" name="Given user is on search page"/>
  <testcase time="0" classname="Scenario: Search by valid last name" name="When user enters &quot;Allen&quot; in search box"/>
  <testcase time="0" classname="Scenario: Search by valid last name" name="And user submits search request"/>
  <testcase time="0" classname="Scenario: Search by valid last name" name="Then the output should be &quot;Allen&quot;"/>
  <testcase time="0.056" classname="Scenario: Search by valid last name" name="Scenario: Search by valid last name"/>
  <testcase time="0.001" classname="Scenario: Search people by valid name" name="Given user is on search page"/>
  <testcase time="0" classname="Scenario: Search people by valid name" name="And the following employees exist"/>
  <testcase time="0" classname="Scenario: Search people by valid name" name="And user enters &quot;Allen&quot; in search box"/>
  <testcase time="0" classname="Scenario: Search people by valid name" name="When user submits search request"/>
  <testcase time="0" classname="Scenario: Search people by valid name" name="Then the output should be"/>
  <testcase time="0.058" classname="Scenario: Search people by valid name" name="Scenario: Search people by valid name"/>
  <testcase time="0" classname="Scenario: Search people by two letters" name="Given user is on search page"/>
  <testcase time="0" classname="Scenario: Search people by two letters" name="And the following employees exist"/>
  <testcase time="0" classname="Scenario: Search people by two letters" name="And user enters &quot;ab&quot; in search box"/>
  <testcase time="0" classname="Scenario: Search people by two letters" name="When user submits search request"/>
  <testcase time="0" classname="Scenario: Search people by two letters" name="Then the output should be"/>
  <testcase time="0.059" classname="Scenario: Search people by two letters" name="Scenario: Search people by two letters"/>
</testsuite>